c:\users\azarn\desktop\pinger\pinger\release\splash.obj
c:\users\azarn\desktop\pinger\pinger\release\main.obj
c:\users\azarn\desktop\pinger\pinger\release\vc100.pdb
c:\users\sanchezator\desktop\pinger\pinger\release\splash.obj
c:\users\sanchezator\desktop\pinger\pinger\release\main.obj
c:\users\sanchezator\desktop\pinger\pinger\release\rw_lock.obj
c:\users\sanchezator\desktop\pinger\pinger\release\vc100.pdb
c:\users\sanchezator\desktop\pinger\pinger\release\pingstatistics.obj
c:\users\azarn\desktop\pinger\release\pinger.exe
c:\users\azarn\desktop\pinger\pinger\release\pinger.exe.intermediate.manifest
c:\users\azarn\desktop\pinger\release\pinger.pdb
c:\users\sanchezator\desktop\pinger\release\pinger.exe
c:\users\sanchezator\desktop\pinger\pinger\release\pinger.exe.intermediate.manifest
c:\users\sanchezator\desktop\pinger\release\pinger.pdb
c:\users\sanchezator\desktop\pinger\pinger\release\pinger.res
c:\downloads\pinger\pinger\pinger\release\vc120.pdb
c:\downloads\pinger\pinger\pinger\release\splash.obj
c:\downloads\pinger\pinger\pinger\release\rw_lock.obj
c:\downloads\pinger\pinger\pinger\release\pingstatistics.obj
c:\downloads\pinger\pinger\pinger\release\main.obj
c:\downloads\pinger\pinger\pinger\release\pinger.res
c:\downloads\pinger\pinger\pinger\release\cl.command.1.tlog
c:\downloads\pinger\pinger\pinger\release\cl.read.1.tlog
c:\downloads\pinger\pinger\pinger\release\cl.write.1.tlog
c:\downloads\pinger\pinger\pinger\release\link-cvtres.read.1.tlog
c:\downloads\pinger\pinger\pinger\release\link-cvtres.write.1.tlog
c:\downloads\pinger\pinger\pinger\release\link.command.1.tlog
c:\downloads\pinger\pinger\pinger\release\link.read.1.tlog
c:\downloads\pinger\pinger\pinger\release\link.write.1.tlog
c:\downloads\pinger\pinger\pinger\release\mt.command.1.tlog
c:\downloads\pinger\pinger\pinger\release\mt.read.1.tlog
c:\downloads\pinger\pinger\pinger\release\mt.write.1.tlog
c:\downloads\pinger\pinger\pinger\release\rc.command.1.tlog
c:\downloads\pinger\pinger\pinger\release\rc.read.1.tlog
c:\downloads\pinger\pinger\pinger\release\rc.write.1.tlog
c:\downloads\pinger\pinger\pinger\release\pinger.exe.intermediate.manifest
c:\downloads\pinger\pinger\pinger\release\vc100.pdb
c:\downloads\pinger\pinger\release\pinger.pdb
c:\downloads\pinger\pinger\pinger\release\pinger.tlog\cl.command.1.tlog
c:\downloads\pinger\pinger\pinger\release\pinger.tlog\cl.read.1.tlog
c:\downloads\pinger\pinger\pinger\release\pinger.tlog\cl.write.1.tlog
c:\downloads\pinger\pinger\pinger\release\pinger.tlog\link-cvtres.read.1.tlog
c:\downloads\pinger\pinger\pinger\release\pinger.tlog\link-cvtres.write.1.tlog
c:\downloads\pinger\pinger\pinger\release\pinger.tlog\link-rc.read.1.tlog
c:\downloads\pinger\pinger\pinger\release\pinger.tlog\link-rc.write.1.tlog
c:\downloads\pinger\pinger\pinger\release\pinger.tlog\link.command.1.tlog
c:\downloads\pinger\pinger\pinger\release\pinger.tlog\link.read.1.tlog
c:\downloads\pinger\pinger\pinger\release\pinger.tlog\link.write.1.tlog
c:\downloads\pinger\pinger\pinger\release\pinger.tlog\rc.command.1.tlog
c:\downloads\pinger\pinger\pinger\release\pinger.tlog\rc.read.1.tlog
c:\downloads\pinger\pinger\pinger\release\pinger.tlog\rc.write.1.tlog
