c:\users\azarn\documents\visual studio 2010\projects\pinger\pinger\debug\vc100.pdb
c:\users\azarn\documents\visual studio 2010\projects\pinger\pinger\debug\main.obj
c:\program files\microsoft visual studio 10.0\pinger\pinger\debug\main.obj
c:\program files\microsoft visual studio 10.0\pinger\pinger\debug\vc100.pdb
c:\users\azarn\desktop\pinger\pinger\debug\main.obj
c:\users\azarn\desktop\pinger\pinger\debug\vc100.pdb
c:\users\azarn\desktop\pinger\pinger\debug\splash.obj
c:\users\sanchezator\desktop\pinger\pinger\debug\main.obj
c:\users\sanchezator\desktop\pinger\pinger\debug\splash.obj
c:\users\sanchezator\desktop\pinger\pinger\debug\vc100.pdb
c:\users\sanchezator\desktop\pinger\pinger\debug\rw_lock.obj
c:\users\sanchezator\desktop\pinger\pinger\debug\pingstatistics.obj
c:\users\azarn\documents\visual studio 2010\projects\pinger\debug\pinger.ilk
c:\users\azarn\documents\visual studio 2010\projects\pinger\debug\pinger.exe
c:\users\azarn\documents\visual studio 2010\projects\pinger\pinger\debug\pinger.exe.intermediate.manifest
c:\users\azarn\documents\visual studio 2010\projects\pinger\debug\pinger.pdb
c:\program files\microsoft visual studio 10.0\pinger\debug\pinger.ilk
c:\program files\microsoft visual studio 10.0\pinger\debug\pinger.exe
c:\program files\microsoft visual studio 10.0\pinger\pinger\debug\pinger.exe.intermediate.manifest
c:\program files\microsoft visual studio 10.0\pinger\debug\pinger.pdb
c:\users\azarn\desktop\pinger\debug\pinger.ilk
c:\users\azarn\desktop\pinger\debug\pinger.exe
c:\users\azarn\desktop\pinger\pinger\debug\pinger.exe.intermediate.manifest
c:\users\azarn\desktop\pinger\debug\pinger.pdb
c:\users\sanchezator\desktop\pinger\debug\pinger.ilk
c:\users\sanchezator\desktop\pinger\debug\pinger.exe
c:\users\sanchezator\desktop\pinger\pinger\debug\pinger.exe.intermediate.manifest
c:\users\sanchezator\desktop\pinger\debug\pinger.pdb
c:\users\sanchezator\desktop\pinger\pinger\debug\pinger.res
c:\downloads\pinger\pinger\pinger\debug\vc120.pdb
c:\downloads\pinger\pinger\pinger\debug\vc120.idb
c:\downloads\pinger\pinger\pinger\debug\pingstatistics.obj
c:\downloads\pinger\pinger\pinger\debug\rw_lock.obj
c:\downloads\pinger\pinger\pinger\debug\splash.obj
c:\downloads\pinger\pinger\pinger\debug\main.obj
c:\downloads\pinger\pinger\pinger\debug\pinger.res
c:\downloads\pinger\pinger\pinger\debug\cl.command.1.tlog
c:\downloads\pinger\pinger\pinger\debug\cl.read.1.tlog
c:\downloads\pinger\pinger\pinger\debug\cl.write.1.tlog
c:\downloads\pinger\pinger\pinger\debug\link-cvtres.read.1.tlog
c:\downloads\pinger\pinger\pinger\debug\link-cvtres.write.1.tlog
c:\downloads\pinger\pinger\pinger\debug\link.command.1.tlog
c:\downloads\pinger\pinger\pinger\debug\link.read.1.tlog
c:\downloads\pinger\pinger\pinger\debug\link.write.1.tlog
c:\downloads\pinger\pinger\pinger\debug\mt.command.1.tlog
c:\downloads\pinger\pinger\pinger\debug\mt.read.1.tlog
c:\downloads\pinger\pinger\pinger\debug\mt.write.1.tlog
c:\downloads\pinger\pinger\pinger\debug\rc.command.1.tlog
c:\downloads\pinger\pinger\pinger\debug\rc.read.1.tlog
c:\downloads\pinger\pinger\pinger\debug\rc.write.1.tlog
c:\downloads\pinger\pinger\pinger\debug\pinger.exe.intermediate.manifest
c:\downloads\pinger\pinger\pinger\debug\vc100.idb
c:\downloads\pinger\pinger\pinger\debug\vc100.pdb
c:\downloads\pinger\pinger\debug\pinger.pdb
c:\downloads\pinger\pinger\pinger\debug\pinger.tlog\cl.command.1.tlog
c:\downloads\pinger\pinger\pinger\debug\pinger.tlog\cl.read.1.tlog
c:\downloads\pinger\pinger\pinger\debug\pinger.tlog\cl.write.1.tlog
c:\downloads\pinger\pinger\pinger\debug\pinger.tlog\link-cvtres.read.1.tlog
c:\downloads\pinger\pinger\pinger\debug\pinger.tlog\link-cvtres.write.1.tlog
c:\downloads\pinger\pinger\pinger\debug\pinger.tlog\link-rc.read.1.tlog
c:\downloads\pinger\pinger\pinger\debug\pinger.tlog\link-rc.write.1.tlog
c:\downloads\pinger\pinger\pinger\debug\pinger.tlog\link.command.1.tlog
c:\downloads\pinger\pinger\pinger\debug\pinger.tlog\link.read.1.tlog
c:\downloads\pinger\pinger\pinger\debug\pinger.tlog\link.write.1.tlog
c:\downloads\pinger\pinger\pinger\debug\pinger.tlog\rc.command.1.tlog
c:\downloads\pinger\pinger\pinger\debug\pinger.tlog\rc.read.1.tlog
c:\downloads\pinger\pinger\pinger\debug\pinger.tlog\rc.write.1.tlog
